<?xml version="1.0" encoding="UTF-8"?>
<testsuite name="memory.MemoryFinderTest" tests="1" skipped="0" failures="0" errors="0" timestamp="2023-09-25T05:43:59" hostname="DESKTOP-QVPGMKP" time="0.117">
  <properties/>
  <testcase name="get()" classname="memory.MemoryFinderTest" time="0.117"/>
  <system-out><![CDATA[MemoryFinderTest.get
]]></system-out>
  <system-err><![CDATA[]]></system-err>
</testsuite>
